Using pre-set license
Built from '2022.3/staging' branch; Version is '2022.3.8f1 (b5eafc012955) revision 11922172'; Using compiler version '192829333'; Build Type 'Release'
OS: 'Windows 10  (10.0.19045) 64bit Professional' Language: 'en' Physical Memory: 32635 MB
BatchMode: 1, IsHumanControllingUs: 0, StartBugReporterOnCrash: 0, Is64bit: 1, IsPro: 1

COMMAND LINE ARGUMENTS:
C:\Program Files\Unity\Hub\Editor\2022.3.8f1\Editor\Unity.exe
-adb2
-batchMode
-noUpm
-name
AssetImportWorker1
-projectPath
D:/Github/Winged_Metal/Winged Metal
-logFile
Logs/AssetImportWorker1.log
-srvPort
52695
Successfully changed project path to: D:/Github/Winged_Metal/Winged Metal
D:/Github/Winged_Metal/Winged Metal
[UnityMemory] Configuration Parameters - Can be set up in boot.config
    "memorysetup-bucket-allocator-granularity=16"
    "memorysetup-bucket-allocator-bucket-count=8"
    "memorysetup-bucket-allocator-block-size=33554432"
    "memorysetup-bucket-allocator-block-count=8"
    "memorysetup-main-allocator-block-size=16777216"
    "memorysetup-thread-allocator-block-size=16777216"
    "memorysetup-gfx-main-allocator-block-size=16777216"
    "memorysetup-gfx-thread-allocator-block-size=16777216"
    "memorysetup-cache-allocator-block-size=4194304"
    "memorysetup-typetree-allocator-block-size=2097152"
    "memorysetup-profiler-bucket-allocator-granularity=16"
    "memorysetup-profiler-bucket-allocator-bucket-count=8"
    "memorysetup-profiler-bucket-allocator-block-size=33554432"
    "memorysetup-profiler-bucket-allocator-block-count=8"
    "memorysetup-profiler-allocator-block-size=16777216"
    "memorysetup-profiler-editor-allocator-block-size=1048576"
    "memorysetup-temp-allocator-size-main=16777216"
    "memorysetup-job-temp-allocator-block-size=2097152"
    "memorysetup-job-temp-allocator-block-size-background=1048576"
    "memorysetup-job-temp-allocator-reduction-small-platforms=262144"
    "memorysetup-allocator-temp-initial-block-size-main=262144"
    "memorysetup-allocator-temp-initial-block-size-worker=262144"
    "memorysetup-temp-allocator-size-background-worker=32768"
    "memorysetup-temp-allocator-size-job-worker=262144"
    "memorysetup-temp-allocator-size-preload-manager=33554432"
    "memorysetup-temp-allocator-size-nav-mesh-worker=65536"
    "memorysetup-temp-allocator-size-audio-worker=65536"
    "memorysetup-temp-allocator-size-cloud-worker=32768"
    "memorysetup-temp-allocator-size-gi-baking-worker=262144"
    "memorysetup-temp-allocator-size-gfx=262144"
Player connection [4736] Host "[IP] 10.10.1.184 [Port] 0 [Flags] 2 [Guid] 3959868934 [EditorId] 3959868934 [Version] 1048832 [Id] WindowsEditor(7,DESKTOP-AHSF812) [Debug] 1 [PackageName] WindowsEditor [ProjectName] Editor" joined multi-casting on [225.0.0.222:54997]...

Player connection [4736] Host "[IP] 10.10.1.184 [Port] 0 [Flags] 2 [Guid] 3959868934 [EditorId] 3959868934 [Version] 1048832 [Id] WindowsEditor(7,DESKTOP-AHSF812) [Debug] 1 [PackageName] WindowsEditor [ProjectName] Editor" joined alternative multi-casting on [225.0.0.222:34997]...

[Physics::Module] Initialized MultithreadedJobDispatcher with 11 workers.
Refreshing native plugins compatible for Editor in 5.60 ms, found 3 plugins.
Preloading 0 native plugins for Editor in 0.00 ms.
Initialize engine version: 2022.3.8f1 (b5eafc012955)
[Subsystems] Discovering subsystems at path C:/Program Files/Unity/Hub/Editor/2022.3.8f1/Editor/Data/Resources/UnitySubsystems
[Subsystems] Discovering subsystems at path D:/Github/Winged_Metal/Winged Metal/Assets
GfxDevice: creating device client; threaded=0; jobified=0
Direct3D:
    Version:  Direct3D 11.0 [level 11.1]
    Renderer: NVIDIA GeForce RTX 3060 Ti (ID=0x2489)
    Vendor:   NVIDIA
    VRAM:     8038 MB
    Driver:   31.0.15.4601
Initialize mono
Mono path[0] = 'C:/Program Files/Unity/Hub/Editor/2022.3.8f1/Editor/Data/Managed'
Mono path[1] = 'C:/Program Files/Unity/Hub/Editor/2022.3.8f1/Editor/Data/MonoBleedingEdge/lib/mono/unityjit-win32'
Mono config path = 'C:/Program Files/Unity/Hub/Editor/2022.3.8f1/Editor/Data/MonoBleedingEdge/etc'
Using monoOptions --debugger-agent=transport=dt_socket,embedding=1,server=y,suspend=n,address=127.0.0.1:56836
Begin MonoManager ReloadAssembly
Registering precompiled unity dll's ...
Register platform support module: C:/Program Files/Unity/Hub/Editor/2022.3.8f1/Editor/Data/PlaybackEngines/AndroidPlayer/UnityEditor.Android.Extensions.dll
Register platform support module: C:/Program Files/Unity/Hub/Editor/2022.3.8f1/Editor/Data/PlaybackEngines/WindowsStandaloneSupport/UnityEditor.WindowsStandalone.Extensions.dll
Registered in 0.006992 seconds.
- Loaded All Assemblies, in  0.322 seconds
Native extension for WindowsStandalone target not found
Native extension for Android target not found
Unauthorized device detected, Id: R52T4016XMJ, please add debug authorization and reconnect.
0x00007ff735702bbd (Unity) StackWalker::GetCurrentCallstack
0x00007ff735707b69 (Unity) StackWalker::ShowCallstack
0x00007ff7366d7041 (Unity) GetStacktrace
0x00007ff736d954d2 (Unity) DebugStringToFile
0x00007ff73462bae6 (Unity) DebugLogHandler_CUSTOM_Internal_Log
0x000001e1000676d3 (Mono JIT Code) (wrapper managed-to-native) UnityEngine.DebugLogHandler:Internal_Log (UnityEngine.LogType,UnityEngine.LogOption,string,UnityEngine.Object)
0x000001e1000673ab (Mono JIT Code) UnityEngine.DebugLogHandler:LogFormat (UnityEngine.LogType,UnityEngine.Object,string,object[])
0x000001e100067271 (Mono JIT Code) UnityEngine.Logger:LogFormat (UnityEngine.LogType,string,object[])
0x000001e100066fa3 (Mono JIT Code) UnityEngine.Debug:LogFormat (string,object[])
0x000001e10004e61b (Mono JIT Code) UnityEditor.Android.AndroidDeploymentTargetsExtension:GetKnownTargets (UnityEditor.DeploymentTargets.IDeploymentTargetsMainThreadContext,UnityEditor.ProgressHandler)
0x000001e10004ce5c (Mono JIT Code) UnityEditor.Android.TargetScanWorker:ScanSync ()
0x000001e1000188d3 (Mono JIT Code) UnityEditor.Android.TargetExtension:OnUsbDevicesChanged (UnityEditor.Hardware.UsbDevice[])
0x000001e10000ce23 (Mono JIT Code) UnityEditor.Android.TargetExtension:OnLoad ()
0x000001e10000612e (Mono JIT Code) UnityEditor.Modules.ModuleManager:InitializePlatformSupportModules ()
0x000001e0de678de5 (Mono JIT Code) (wrapper runtime-invoke) object:runtime_invoke_void (object,intptr,intptr,intptr)
0x00007ff988ede0d4 (mono-2.0-bdwgc) mono_jit_runtime_invoke (at C:/build/output/Unity-Technologies/mono/mono/mini/mini-runtime.c:3445)
0x00007ff988e1eb74 (mono-2.0-bdwgc) do_runtime_invoke (at C:/build/output/Unity-Technologies/mono/mono/metadata/object.c:3066)
0x00007ff988e1ed0c (mono-2.0-bdwgc) mono_runtime_invoke (at C:/build/output/Unity-Technologies/mono/mono/metadata/object.c:3113)
0x00007ff73561a034 (Unity) scripting_method_invoke
0x00007ff7355f8254 (Unity) ScriptingInvocation::Invoke
0x00007ff7355f2ea5 (Unity) ScriptingInvocation::Invoke<void>
0x00007ff735741e0b (Unity) Scripting::UnityEditor::Modules::ModuleManagerProxy::InitializePlatformSupportModules
0x00007ff7355ecd8d (Unity) MonoManager::SetupLoadedEditorAssemblies
0x00007ff7355e2a09 (Unity) MonoManager::FinalizeReload
0x00007ff7355ea3e9 (Unity) MonoManager::ReloadAssembly
0x00007ff73658141e (Unity) LoadUnityMonoAssemblies
0x00007ff73625a929 (Unity) Application::InitializeProject
0x00007ff7366e2e45 (Unity) WinMain
0x00007ff737ac765e (Unity) __scrt_common_main_seh
0x00007ffa13a37344 (KERNEL32) BaseThreadInitThunk
0x00007ffa155626b1 (ntdll) RtlUserThreadStart

Android Extension - Scanning For ADB Devices 405 ms
Mono: successfully reloaded assembly
- Finished resetting the current domain, in  0.690 seconds
Domain Reload Profiling: 1012ms
	BeginReloadAssembly (91ms)
		ExecutionOrderSort (0ms)
		DisableScriptedObjects (0ms)
		BackupInstance (0ms)
		ReleaseScriptingObjects (0ms)
		CreateAndSetChildDomain (1ms)
	RebuildCommonClasses (28ms)
	RebuildNativeTypeToScriptingClass (9ms)
	initialDomainReloadingComplete (53ms)
	LoadAllAssembliesAndSetupDomain (139ms)
		LoadAssemblies (90ms)
		RebuildTransferFunctionScriptingTraits (0ms)
		AnalyzeDomain (137ms)
			TypeCache.Refresh (136ms)
				TypeCache.ScanAssembly (120ms)
			ScanForSourceGeneratedMonoScriptInfo (0ms)
			ResolveRequiredComponents (0ms)
	FinalizeReload (691ms)
		ReleaseScriptCaches (0ms)
		RebuildScriptCaches (0ms)
		SetupLoadedEditorAssemblies (637ms)
			LogAssemblyErrors (0ms)
			InitializePlatformSupportModulesInManaged (507ms)
			SetLoadedEditorAssemblies (3ms)
			RefreshPlugins (0ms)
			BeforeProcessingInitializeOnLoad (2ms)
			ProcessInitializeOnLoadAttributes (80ms)
			ProcessInitializeOnLoadMethodAttributes (43ms)
			AfterProcessingInitializeOnLoad (0ms)
			EditorAssembliesLoaded (0ms)
		ExecutionOrderSort2 (0ms)
		AwakeInstancesAfterBackupRestoration (0ms)
========================================================================
Worker process is ready to serve import requests
Begin MonoManager ReloadAssembly
Symbol file data-000001DF2187E960 doesn't match image D:\Github\Winged_Metal\Winged Metal\Library\ScriptAssemblies\Unity.Notifications.dll
Symbol file LoadedFromMemory is not a mono symbol file
Symbol file data-000001DF21884370 doesn't match image D:\Github\Winged_Metal\Winged Metal\Library\ScriptAssemblies\Unity.2D.IK.Runtime.dll
Symbol file LoadedFromMemory is not a mono symbol file
Symbol file data-000001DF21884370 doesn't match image D:\Github\Winged_Metal\Winged Metal\Library\ScriptAssemblies\com.unity.cinemachine.editor.dll
Symbol file LoadedFromMemory is not a mono symbol file
Symbol file data-000001DF21884370 doesn't match image D:\Github\Winged_Metal\Winged Metal\Library\ScriptAssemblies\Unity.AI.Navigation.dll
Symbol file LoadedFromMemory is not a mono symbol file
Symbol file data-000001DF21884370 doesn't match image D:\Github\Winged_Metal\Winged Metal\Library\ScriptAssemblies\Unity.Burst.Editor.dll
Symbol file LoadedFromMemory is not a mono symbol file
Symbol file data-000001DF21C25020 doesn't match image D:\Github\Winged_Metal\Winged Metal\Library\ScriptAssemblies\Unity.2D.Common.Path.Editor.dll
Symbol file LoadedFromMemory is not a mono symbol file
Symbol file data-000001DF21C2AC30 doesn't match image D:\Github\Winged_Metal\Winged Metal\Library\ScriptAssemblies\Unity.AdaptivePerformance.Simulator.Extension.dll
Symbol file LoadedFromMemory is not a mono symbol file
Symbol file data-000001DF21411270 doesn't match image D:\Github\Winged_Metal\Winged Metal\Library\ScriptAssemblies\Unity.2D.PixelPerfect.Editor.dll
Symbol file LoadedFromMemory is not a mono symbol file
Symbol file data-000001DF21899B80 doesn't match image D:\Github\Winged_Metal\Winged Metal\Library\ScriptAssemblies\Unity.AdaptivePerformance.Simulator.Editor.dll
Symbol file LoadedFromMemory is not a mono symbol file
Symbol file data-000001DF214F2E30 doesn't match image D:\Github\Winged_Metal\Winged Metal\Library\ScriptAssemblies\Unity.2D.Aseprite.Common.dll
Symbol file LoadedFromMemory is not a mono symbol file
Symbol file data-000001DF21520440 doesn't match image D:\Github\Winged_Metal\Winged Metal\Library\ScriptAssemblies\Unity.2D.Sprite.Editor.dll
Symbol file LoadedFromMemory is not a mono symbol file
Symbol file data-000001DF21899B80 doesn't match image D:\Github\Winged_Metal\Winged Metal\Library\ScriptAssemblies\Unity.Mathematics.Editor.dll
Symbol file LoadedFromMemory is not a mono symbol file
Symbol file data-000001DF21520440 doesn't match image D:\Github\Winged_Metal\Winged Metal\Library\ScriptAssemblies\Unity.2D.Tilemap.Extras.Editor.dll
Symbol file LoadedFromMemory is not a mono symbol file
Symbol file data-000001DF29643010 doesn't match image D:\Github\Winged_Metal\Winged Metal\Library\ScriptAssemblies\Unity.Collections.dll
Symbol file LoadedFromMemory is not a mono symbol file
Symbol file data-000001DF21520440 doesn't match image D:\Github\Winged_Metal\Winged Metal\Library\ScriptAssemblies\Unity.2D.SpriteShape.Runtime.dll
Symbol file LoadedFromMemory is not a mono symbol file
Symbol file data-000001DF21411270 doesn't match image D:\Github\Winged_Metal\Winged Metal\Library\ScriptAssemblies\Unity.2D.PixelPerfect.dll
Symbol file LoadedFromMemory is not a mono symbol file
Symbol file data-000001DF29643010 doesn't match image D:\Github\Winged_Metal\Winged Metal\Library\ScriptAssemblies\Unity.TextMeshPro.dll
Symbol file LoadedFromMemory is not a mono symbol file
Symbol file data-000001DF21520440 doesn't match image D:\Github\Winged_Metal\Winged Metal\Library\ScriptAssemblies\Unity.2D.Aseprite.Editor.dll
Symbol file LoadedFromMemory is not a mono symbol file
Symbol file data-000001DF21ABE420 doesn't match image D:\Github\Winged_Metal\Winged Metal\Library\ScriptAssemblies\Unity.AI.Navigation.Editor.ConversionSystem.dll
Symbol file LoadedFromMemory is not a mono symbol file
Symbol file data-000001DF21AC8C30 doesn't match image D:\Github\Winged_Metal\Winged Metal\Library\ScriptAssemblies\NavMeshPlus.dll
Symbol file LoadedFromMemory is not a mono symbol file
Symbol file data-000001DF21899B80 doesn't match image D:\Github\Winged_Metal\Winged Metal\Library\ScriptAssemblies\Unity.Profiling.Core.dll
Symbol file LoadedFromMemory is not a mono symbol file
Symbol file data-000001DF2966C820 doesn't match image D:\Github\Winged_Metal\Winged Metal\Library\ScriptAssemblies\PsdPlugin.dll
Symbol file LoadedFromMemory is not a mono symbol file
Symbol file data-000001DF2966C820 doesn't match image D:\Github\Winged_Metal\Winged Metal\Library\ScriptAssemblies\Unity.Collections.BurstCompatibilityGen.dll
Symbol file LoadedFromMemory is not a mono symbol file
Symbol file data-000001DF22020020 doesn't match image D:\Github\Winged_Metal\Winged Metal\Library\ScriptAssemblies\Unity.Timeline.Editor.dll
Symbol file LoadedFromMemory is not a mono symbol file
Symbol file data-000001DF29685A30 doesn't match image D:\Github\Winged_Metal\Winged Metal\Library\ScriptAssemblies\Unity.AdaptivePerformance.dll
Symbol file LoadedFromMemory is not a mono symbol file
Symbol file data-000001DF21411270 doesn't match image D:\Github\Winged_Metal\Winged Metal\Library\ScriptAssemblies\Unity.CollabProxy.Editor.dll
Symbol file LoadedFromMemory is not a mono symbol file
Symbol file data-000001DF21783E30 doesn't match image D:\Github\Winged_Metal\Winged Metal\Library\ScriptAssemblies\Unity.Notifications.iOS.dll
Symbol file LoadedFromMemory is not a mono symbol file
Symbol file data-000001DF21783E30 doesn't match image D:\Github\Winged_Metal\Winged Metal\Library\ScriptAssemblies\UnityEditor.UI.dll
Symbol file LoadedFromMemory is not a mono symbol file
Symbol file data-000001DF21783E30 doesn't match image D:\Github\Winged_Metal\Winged Metal\Library\ScriptAssemblies\Unity.2D.Animation.Runtime.dll
Symbol file LoadedFromMemory is not a mono symbol file
Symbol file data-000001DF22020020 doesn't match image D:\Github\Winged_Metal\Winged Metal\Library\ScriptAssemblies\Unity.2D.Tilemap.Extras.dll
Symbol file LoadedFromMemory is not a mono symbol file
Symbol file data-000001DF21411270 doesn't match image D:\Github\Winged_Metal\Winged Metal\Library\ScriptAssemblies\Unity.Collections.DocCodeSamples.dll
Symbol file LoadedFromMemory is not a mono symbol file
Symbol file data-000001DF21411270 doesn't match image D:\Github\Winged_Metal\Winged Metal\Library\ScriptAssemblies\Unity.AdaptivePerformance.Profiler.Editor.dll
Symbol file LoadedFromMemory is not a mono symbol file
Symbol file data-000001DF22061630 doesn't match image D:\Github\Winged_Metal\Winged Metal\Library\ScriptAssemblies\UnityEngine.UI.dll
Symbol file LoadedFromMemory is not a mono symbol file
Symbol file data-000001DF21816240 doesn't match image D:\Github\Winged_Metal\Winged Metal\Library\ScriptAssemblies\Unity.AdaptivePerformance.UI.Editor.dll
Symbol file LoadedFromMemory is not a mono symbol file
Symbol file data-000001DF21816240 doesn't match image D:\Github\Winged_Metal\Winged Metal\Library\ScriptAssemblies\Unity.InternalAPIEngineBridge.001.dll
Symbol file LoadedFromMemory is not a mono symbol file
Symbol file data-000001DF21C2AC30 doesn't match image D:\Github\Winged_Metal\Winged Metal\Library\ScriptAssemblies\Unity.InternalAPIEditorBridge.005.dll
Symbol file LoadedFromMemory is not a mono symbol file
Symbol file data-000001DF2206CC40 doesn't match image D:\Github\Winged_Metal\Winged Metal\Library\ScriptAssemblies\Unity.2D.Common.Runtime.dll
Symbol file LoadedFromMemory is not a mono symbol file
Symbol file data-000001DF22085CA0 doesn't match image D:\Github\Winged_Metal\Winged Metal\Library\ScriptAssemblies\Unity.Timeline.dll
Symbol file LoadedFromMemory is not a mono symbol file
Symbol file data-000001DF21C2AC30 doesn't match image D:\Github\Winged_Metal\Winged Metal\Library\ScriptAssemblies\Unity.InternalAPIEditorBridge.001.dll
Symbol file LoadedFromMemory is not a mono symbol file
Symbol file data-000001DF22095CB0 doesn't match image D:\Github\Winged_Metal\Winged Metal\Library\ScriptAssemblies\Unity.2D.Psdimporter.Editor.dll
Symbol file LoadedFromMemory is not a mono symbol file
Symbol file data-000001DF21C2AC30 doesn't match image D:\Github\Winged_Metal\Winged Metal\Library\ScriptAssemblies\Unity.Subsystem.Registration.dll
Symbol file LoadedFromMemory is not a mono symbol file
Symbol file data-000001DF22070C50 doesn't match image D:\Github\Winged_Metal\Winged Metal\Library\ScriptAssemblies\Unity.AI.Navigation.Updater.dll
Symbol file LoadedFromMemory is not a mono symbol file
Symbol file data-000001DF22095CB0 doesn't match image D:\Github\Winged_Metal\Winged Metal\Library\ScriptAssemblies\Unity.Mobile.AndroidLogcat.Editor.dll
Symbol file LoadedFromMemory is not a mono symbol file
Symbol file data-000001DF20D59010 doesn't match image D:\Github\Winged_Metal\Winged Metal\Library\ScriptAssemblies\Unity.Mathematics.dll
Symbol file LoadedFromMemory is not a mono symbol file
Symbol file data-000001E0BC191470 doesn't match image D:\Github\Winged_Metal\Winged Metal\Library\ScriptAssemblies\Unity.2D.Common.Editor.dll
Symbol file LoadedFromMemory is not a mono symbol file
Symbol file data-000001DF20D91A20 doesn't match image D:\Github\Winged_Metal\Winged Metal\Library\ScriptAssemblies\Unity.TextMeshPro.Editor.dll
Symbol file LoadedFromMemory is not a mono symbol file
Symbol file data-000001DF219D4430 doesn't match image D:\Github\Winged_Metal\Winged Metal\Library\ScriptAssemblies\Unity.AdaptivePerformance.Editor.dll
Symbol file LoadedFromMemory is not a mono symbol file
Symbol file data-000001E0BC191470 doesn't match image D:\Github\Winged_Metal\Winged Metal\Library\ScriptAssemblies\Unity.AI.Navigation.Editor.dll
Symbol file LoadedFromMemory is not a mono symbol file
Symbol file data-000001E0BC2D2440 doesn't match image D:\Github\Winged_Metal\Winged Metal\Library\ScriptAssemblies\Cinemachine.dll
Symbol file LoadedFromMemory is not a mono symbol file
Symbol file data-000001E0BC191470 doesn't match image D:\Github\Winged_Metal\Winged Metal\Library\ScriptAssemblies\Unity.Notifications.Android.dll
Symbol file LoadedFromMemory is not a mono symbol file
Symbol file data-000001E0BC2D2440 doesn't match image D:\Github\Winged_Metal\Winged Metal\Library\ScriptAssemblies\Unity.2D.Tilemap.Editor.dll
Symbol file LoadedFromMemory is not a mono symbol file
Symbol file data-000001E0BC191470 doesn't match image D:\Github\Winged_Metal\Winged Metal\Library\ScriptAssemblies\NavMeshPlusEditor.dll
Symbol file LoadedFromMemory is not a mono symbol file
Symbol file data-000001DF20793010 doesn't match image D:\Github\Winged_Metal\Winged Metal\Library\ScriptAssemblies\Unity.2D.Animation.Editor.dll
Symbol file LoadedFromMemory is not a mono symbol file
Symbol file data-000001E0BC2D2440 doesn't match image D:\Github\Winged_Metal\Winged Metal\Library\ScriptAssemblies\Unity.2D.IK.Editor.dll
Symbol file LoadedFromMemory is not a mono symbol file
Symbol file data-000001E0BC2E8450 doesn't match image D:\Github\Winged_Metal\Winged Metal\Library\ScriptAssemblies\Unity.2D.SpriteShape.Editor.dll
Symbol file LoadedFromMemory is not a mono symbol file
- Loaded All Assemblies, in  0.696 seconds
Refreshing native plugins compatible for Editor in 4.57 ms, found 3 plugins.
Native extension for WindowsStandalone target not found
Native extension for Android target not found
Package Manager log level set to [2]
[Package Manager] Server::EnsureServerProcessIsRunning -- launch failed, reason: Unity was launched with the -noUpm command-line argument
[Package Manager] UpmClient::Send -- Unable to send message (not connected to UPM process).
[Package Manager] Cannot connect to Unity Package Manager local server
Mono: successfully reloaded assembly
[Package Manager] Server::EnsureServerProcessIsRunning -- launch failed, reason: Unity was launched with the -noUpm command-line argument
[Package Manager] UpmClient::Send -- Unable to send message (not connected to UPM process).
[Package Manager] Cannot connect to Unity Package Manager local server
[Package Manager] Server::EnsureServerProcessIsRunning -- launch failed, reason: Unity was launched with the -noUpm command-line argument
[Package Manager] UpmClient::Send -- Unable to send message (not connected to UPM process).
[Package Manager] Cannot connect to Unity Package Manager local server
- Finished resetting the current domain, in  0.909 seconds
Domain Reload Profiling: 1602ms
	BeginReloadAssembly (144ms)
		ExecutionOrderSort (0ms)
		DisableScriptedObjects (5ms)
		BackupInstance (0ms)
		ReleaseScriptingObjects (0ms)
		CreateAndSetChildDomain (20ms)
	RebuildCommonClasses (34ms)
	RebuildNativeTypeToScriptingClass (15ms)
	initialDomainReloadingComplete (59ms)
	LoadAllAssembliesAndSetupDomain (441ms)
		LoadAssemblies (326ms)
		RebuildTransferFunctionScriptingTraits (0ms)
		AnalyzeDomain (188ms)
			TypeCache.Refresh (152ms)
				TypeCache.ScanAssembly (130ms)
			ScanForSourceGeneratedMonoScriptInfo (29ms)
			ResolveRequiredComponents (6ms)
	FinalizeReload (910ms)
		ReleaseScriptCaches (0ms)
		RebuildScriptCaches (0ms)
		SetupLoadedEditorAssemblies (685ms)
			LogAssemblyErrors (0ms)
			InitializePlatformSupportModulesInManaged (33ms)
			SetLoadedEditorAssemblies (6ms)
			RefreshPlugins (0ms)
			BeforeProcessingInitializeOnLoad (81ms)
			ProcessInitializeOnLoadAttributes (499ms)
			ProcessInitializeOnLoadMethodAttributes (57ms)
			AfterProcessingInitializeOnLoad (7ms)
			EditorAssembliesLoaded (0ms)
		ExecutionOrderSort2 (0ms)
		AwakeInstancesAfterBackupRestoration (5ms)
Launched and connected shader compiler UnityShaderCompiler.exe after 0.04 seconds
Refreshing native plugins compatible for Editor in 5.21 ms, found 3 plugins.
Preloading 0 native plugins for Editor in 0.00 ms.
Unloading 2981 Unused Serialized files (Serialized files now loaded: 0)
Unloading 82 unused Assets / (149.7 KB). Loaded Objects now: 3438.
Memory consumption went from 122.0 MB to 121.9 MB.
Total: 3.840200 ms (FindLiveObjects: 0.416200 ms CreateObjectMapping: 0.190000 ms MarkObjects: 3.054500 ms  DeleteObjects: 0.178400 ms)

AssetImportParameters requested are different than current active one (requested -> active):
  custom:video-decoder-webm-vp8: 9c59270c3fd7afecdb556c50c9e8de78 -> 
  custom:container-demuxer-ogg: 62fdf1f143b41e24485cea50d1cbac27 -> 
  custom:AudioImporter_EditorPlatform: d09bf68614088b80899f8185d706f6e7 -> 
  custom:video-decoder-ogg-theora: a1e56fd34408186e4bbccfd4996cb3dc -> 
  custom:framework-win-MediaFoundation: 216162199b28c13a410421893ffa2e32 -> 
  custom:video-encoder-webm-vp8: eb34c28f22e8b96e1ab97ce403110664 -> 
  custom:audio-decoder-ogg-vorbis: bf7c407c2cedff20999df2af8eb42d56 -> 
  custom:container-demuxer-webm: 4f35f7cbe854078d1ac9338744f61a02 -> 
  custom:audio-encoder-webm-vorbis: bf7c407c2cedff20999df2af8eb42d56 -> 
  custom:container-muxer-webm: aa71ff27fc2769a1b78a27578f13a17b -> 
========================================================================
Received Prepare
Refreshing native plugins compatible for Editor in 110.08 ms, found 3 plugins.
Preloading 0 native plugins for Editor in 0.00 ms.
Unloading 2 Unused Serialized files (Serialized files now loaded: 0)
Unloading 2 unused Assets / (86.1 KB). Loaded Objects now: 3438.
Memory consumption went from 72.5 MB to 72.4 MB.
Total: 3.445700 ms (FindLiveObjects: 0.229600 ms CreateObjectMapping: 0.083500 ms MarkObjects: 3.088000 ms  DeleteObjects: 0.043900 ms)

Prepare: number of updated asset objects reloaded= 0
AssetImportParameters requested are different than current active one (requested -> active):
  custom:video-decoder-webm-vp8: 9c59270c3fd7afecdb556c50c9e8de78 -> 
  custom:SearchIndexIgnoredProperties: e643bd26f0fe6173181afceb89e7c659 -> 
  custom:container-demuxer-ogg: 62fdf1f143b41e24485cea50d1cbac27 -> 
  custom:AudioImporter_EditorPlatform: d09bf68614088b80899f8185d706f6e7 -> 
  custom:video-decoder-ogg-theora: a1e56fd34408186e4bbccfd4996cb3dc -> 
  custom:framework-win-MediaFoundation: 216162199b28c13a410421893ffa2e32 -> 
  custom:video-encoder-webm-vp8: eb34c28f22e8b96e1ab97ce403110664 -> 
  custom:audio-decoder-ogg-vorbis: bf7c407c2cedff20999df2af8eb42d56 -> 
  custom:CustomObjectIndexerAttribute: 756ad292c208cfabdd7b50bc23989ffe -> 
  custom:container-demuxer-webm: 4f35f7cbe854078d1ac9338744f61a02 -> 
  custom:audio-encoder-webm-vorbis: bf7c407c2cedff20999df2af8eb42d56 -> 
  custom:container-muxer-webm: aa71ff27fc2769a1b78a27578f13a17b -> 
========================================================================
Received Prepare
Begin MonoManager ReloadAssembly
Symbol file data-000001DF20622010 doesn't match image D:\Github\Winged_Metal\Winged Metal\Library\ScriptAssemblies\Unity.Notifications.dll
Symbol file LoadedFromMemory is not a mono symbol file
Symbol file data-000001DF20622010 doesn't match image D:\Github\Winged_Metal\Winged Metal\Library\ScriptAssemblies\Unity.2D.IK.Runtime.dll
Symbol file LoadedFromMemory is not a mono symbol file
Symbol file data-000001E105B53030 doesn't match image D:\Github\Winged_Metal\Winged Metal\Library\ScriptAssemblies\com.unity.cinemachine.editor.dll
Symbol file LoadedFromMemory is not a mono symbol file
Symbol file data-000001DF28F5A6E0 doesn't match image D:\Github\Winged_Metal\Winged Metal\Library\ScriptAssemblies\Unity.AI.Navigation.dll
Symbol file LoadedFromMemory is not a mono symbol file
Symbol file data-000001E105B53030 doesn't match image D:\Github\Winged_Metal\Winged Metal\Library\ScriptAssemblies\Unity.Burst.Editor.dll
Symbol file LoadedFromMemory is not a mono symbol file
Symbol file data-000001DF20622010 doesn't match image D:\Github\Winged_Metal\Winged Metal\Library\ScriptAssemblies\Unity.2D.Common.Path.Editor.dll
Symbol file LoadedFromMemory is not a mono symbol file
Symbol file data-000001E104FEAE90 doesn't match image D:\Github\Winged_Metal\Winged Metal\Library\ScriptAssemblies\Unity.AdaptivePerformance.Simulator.Extension.dll
Symbol file LoadedFromMemory is not a mono symbol file
Symbol file data-000001DF208BE630 doesn't match image D:\Github\Winged_Metal\Winged Metal\Library\ScriptAssemblies\Unity.2D.PixelPerfect.Editor.dll
Symbol file LoadedFromMemory is not a mono symbol file
Symbol file data-000001DF203E3A20 doesn't match image D:\Github\Winged_Metal\Winged Metal\Library\ScriptAssemblies\Unity.AdaptivePerformance.Simulator.Editor.dll
Symbol file LoadedFromMemory is not a mono symbol file
Symbol file data-000001DF209C1620 doesn't match image D:\Github\Winged_Metal\Winged Metal\Library\ScriptAssemblies\Unity.2D.Aseprite.Common.dll
Symbol file LoadedFromMemory is not a mono symbol file
Symbol file data-000001E0BC4AF010 doesn't match image D:\Github\Winged_Metal\Winged Metal\Library\ScriptAssemblies\Unity.2D.Sprite.Editor.dll
Symbol file LoadedFromMemory is not a mono symbol file
Symbol file data-000001DF2062CAE0 doesn't match image D:\Github\Winged_Metal\Winged Metal\Library\ScriptAssemblies\Unity.Mathematics.Editor.dll
Symbol file LoadedFromMemory is not a mono symbol file
Symbol file data-000001E1055C3640 doesn't match image D:\Github\Winged_Metal\Winged Metal\Library\ScriptAssemblies\Unity.2D.Tilemap.Extras.Editor.dll
Symbol file LoadedFromMemory is not a mono symbol file
Symbol file data-000001DF2903B030 doesn't match image D:\Github\Winged_Metal\Winged Metal\Library\ScriptAssemblies\Unity.Collections.dll
Symbol file LoadedFromMemory is not a mono symbol file
Symbol file data-000001DF2064CF10 doesn't match image D:\Github\Winged_Metal\Winged Metal\Library\ScriptAssemblies\Unity.2D.SpriteShape.Runtime.dll
Symbol file LoadedFromMemory is not a mono symbol file
Symbol file data-000001DF208BE630 doesn't match image D:\Github\Winged_Metal\Winged Metal\Library\ScriptAssemblies\Unity.2D.PixelPerfect.dll
Symbol file LoadedFromMemory is not a mono symbol file
Symbol file data-000001DF2903B030 doesn't match image D:\Github\Winged_Metal\Winged Metal\Library\ScriptAssemblies\Unity.TextMeshPro.dll
Symbol file LoadedFromMemory is not a mono symbol file
Symbol file data-000001E106B09010 doesn't match image D:\Github\Winged_Metal\Winged Metal\Library\ScriptAssemblies\Unity.2D.Aseprite.Editor.dll
Symbol file LoadedFromMemory is not a mono symbol file
Symbol file data-000001E1063CE820 doesn't match image D:\Github\Winged_Metal\Winged Metal\Library\ScriptAssemblies\Unity.AI.Navigation.Editor.ConversionSystem.dll
Symbol file LoadedFromMemory is not a mono symbol file
Symbol file data-000001E0BC4CBE30 doesn't match image D:\Github\Winged_Metal\Winged Metal\Library\ScriptAssemblies\NavMeshPlus.dll
Symbol file LoadedFromMemory is not a mono symbol file
Symbol file data-000001DF208BE630 doesn't match image D:\Github\Winged_Metal\Winged Metal\Library\ScriptAssemblies\Unity.Profiling.Core.dll
Symbol file LoadedFromMemory is not a mono symbol file
Symbol file data-000001E0BC4CBE30 doesn't match image D:\Github\Winged_Metal\Winged Metal\Library\ScriptAssemblies\PsdPlugin.dll
Symbol file LoadedFromMemory is not a mono symbol file
Symbol file data-000001DF21495640 doesn't match image D:\Github\Winged_Metal\Winged Metal\Library\ScriptAssemblies\Unity.Collections.BurstCompatibilityGen.dll
Symbol file LoadedFromMemory is not a mono symbol file
Symbol file data-000001DF22020020 doesn't match image D:\Github\Winged_Metal\Winged Metal\Library\ScriptAssemblies\Unity.Timeline.Editor.dll
Symbol file LoadedFromMemory is not a mono symbol file
Symbol file data-000001E0BC4CBE30 doesn't match image D:\Github\Winged_Metal\Winged Metal\Library\ScriptAssemblies\Unity.AdaptivePerformance.dll
Symbol file LoadedFromMemory is not a mono symbol file
Symbol file data-000001DF297F5440 doesn't match image D:\Github\Winged_Metal\Winged Metal\Library\ScriptAssemblies\Unity.CollabProxy.Editor.dll
Symbol file LoadedFromMemory is not a mono symbol file
Symbol file data-000001DF28F40A50 doesn't match image D:\Github\Winged_Metal\Winged Metal\Library\ScriptAssemblies\Unity.Notifications.iOS.dll
Symbol file LoadedFromMemory is not a mono symbol file
Symbol file data-000001E105562020 doesn't match image D:\Github\Winged_Metal\Winged Metal\Library\ScriptAssemblies\UnityEditor.UI.dll
Symbol file LoadedFromMemory is not a mono symbol file
Symbol file data-000001E105562020 doesn't match image D:\Github\Winged_Metal\Winged Metal\Library\ScriptAssemblies\Unity.2D.Animation.Runtime.dll
Symbol file LoadedFromMemory is not a mono symbol file
Symbol file data-000001DF28F40A50 doesn't match image D:\Github\Winged_Metal\Winged Metal\Library\ScriptAssemblies\Unity.2D.Tilemap.Extras.dll
Symbol file LoadedFromMemory is not a mono symbol file
Symbol file data-000001DF297F5440 doesn't match image D:\Github\Winged_Metal\Winged Metal\Library\ScriptAssemblies\Unity.Collections.DocCodeSamples.dll
Symbol file LoadedFromMemory is not a mono symbol file
Symbol file data-000001DF208BE630 doesn't match image D:\Github\Winged_Metal\Winged Metal\Library\ScriptAssemblies\Unity.AdaptivePerformance.Profiler.Editor.dll
Symbol file LoadedFromMemory is not a mono symbol file
Symbol file data-000001E105BAD010 doesn't match image D:\Github\Winged_Metal\Winged Metal\Library\ScriptAssemblies\UnityEngine.UI.dll
Symbol file LoadedFromMemory is not a mono symbol file
Symbol file data-000001DF297F5440 doesn't match image D:\Github\Winged_Metal\Winged Metal\Library\ScriptAssemblies\Unity.AdaptivePerformance.UI.Editor.dll
Symbol file LoadedFromMemory is not a mono symbol file
Symbol file data-000001DF297F5440 doesn't match image D:\Github\Winged_Metal\Winged Metal\Library\ScriptAssemblies\Unity.InternalAPIEngineBridge.001.dll
Symbol file LoadedFromMemory is not a mono symbol file
Symbol file data-000001DF28F40A50 doesn't match image D:\Github\Winged_Metal\Winged Metal\Library\ScriptAssemblies\Unity.InternalAPIEditorBridge.005.dll
Symbol file LoadedFromMemory is not a mono symbol file
Symbol file data-000001E10556A430 doesn't match image D:\Github\Winged_Metal\Winged Metal\Library\ScriptAssemblies\Unity.2D.Common.Runtime.dll
Symbol file LoadedFromMemory is not a mono symbol file
Symbol file data-000001E105991610 doesn't match image D:\Github\Winged_Metal\Winged Metal\Library\ScriptAssemblies\Unity.Timeline.dll
Symbol file LoadedFromMemory is not a mono symbol file
Symbol file data-000001DF29A6EA30 doesn't match image D:\Github\Winged_Metal\Winged Metal\Library\ScriptAssemblies\Unity.InternalAPIEditorBridge.001.dll
Symbol file LoadedFromMemory is not a mono symbol file
Symbol file data-000001DF20A6CF20 doesn't match image D:\Github\Winged_Metal\Winged Metal\Library\ScriptAssemblies\Unity.2D.Psdimporter.Editor.dll
Symbol file LoadedFromMemory is not a mono symbol file
Symbol file data-000001DF2138CEC0 doesn't match image D:\Github\Winged_Metal\Winged Metal\Library\ScriptAssemblies\Unity.Subsystem.Registration.dll
Symbol file LoadedFromMemory is not a mono symbol file
Symbol file data-000001DF208BE630 doesn't match image D:\Github\Winged_Metal\Winged Metal\Library\ScriptAssemblies\Unity.AI.Navigation.Updater.dll
Symbol file LoadedFromMemory is not a mono symbol file
Symbol file data-000001DF20A6CF20 doesn't match image D:\Github\Winged_Metal\Winged Metal\Library\ScriptAssemblies\Unity.Mobile.AndroidLogcat.Editor.dll
Symbol file LoadedFromMemory is not a mono symbol file
Symbol file data-000001E1058BE010 doesn't match image D:\Github\Winged_Metal\Winged Metal\Library\ScriptAssemblies\Unity.Mathematics.dll
Symbol file LoadedFromMemory is not a mono symbol file
Symbol file data-000001DF209C1620 doesn't match image D:\Github\Winged_Metal\Winged Metal\Library\ScriptAssemblies\Unity.2D.Common.Editor.dll
Symbol file LoadedFromMemory is not a mono symbol file
Symbol file data-000001E105991610 doesn't match image D:\Github\Winged_Metal\Winged Metal\Library\ScriptAssemblies\Unity.TextMeshPro.Editor.dll
Symbol file LoadedFromMemory is not a mono symbol file
Symbol file data-000001E10507C630 doesn't match image D:\Github\Winged_Metal\Winged Metal\Library\ScriptAssemblies\Unity.AdaptivePerformance.Editor.dll
Symbol file LoadedFromMemory is not a mono symbol file
Symbol file data-000001E105E0AA20 doesn't match image D:\Github\Winged_Metal\Winged Metal\Library\ScriptAssemblies\Unity.AI.Navigation.Editor.dll
Symbol file LoadedFromMemory is not a mono symbol file
Symbol file data-000001E105192010 doesn't match image D:\Github\Winged_Metal\Winged Metal\Library\ScriptAssemblies\Cinemachine.dll
Symbol file LoadedFromMemory is not a mono symbol file
Symbol file data-000001DF21495640 doesn't match image D:\Github\Winged_Metal\Winged Metal\Library\ScriptAssemblies\Unity.Notifications.Android.dll
Symbol file LoadedFromMemory is not a mono symbol file
Symbol file data-000001E1056EA220 doesn't match image D:\Github\Winged_Metal\Winged Metal\Library\ScriptAssemblies\Unity.2D.Tilemap.Editor.dll
Symbol file LoadedFromMemory is not a mono symbol file
Symbol file data-000001DF209C1620 doesn't match image D:\Github\Winged_Metal\Winged Metal\Library\ScriptAssemblies\NavMeshPlusEditor.dll
Symbol file LoadedFromMemory is not a mono symbol file
Symbol file data-000001DF214EC020 doesn't match image D:\Github\Winged_Metal\Winged Metal\Library\ScriptAssemblies\Unity.2D.Animation.Editor.dll
Symbol file LoadedFromMemory is not a mono symbol file
Symbol file data-000001E1055EB630 doesn't match image D:\Github\Winged_Metal\Winged Metal\Library\ScriptAssemblies\Unity.2D.IK.Editor.dll
Symbol file LoadedFromMemory is not a mono symbol file
Symbol file data-000001E1056F4030 doesn't match image D:\Github\Winged_Metal\Winged Metal\Library\ScriptAssemblies\Unity.2D.SpriteShape.Editor.dll
Symbol file LoadedFromMemory is not a mono symbol file
- Loaded All Assemblies, in  1.769 seconds
Refreshing native plugins compatible for Editor in 2.95 ms, found 3 plugins.
Native extension for WindowsStandalone target not found
Native extension for Android target not found
[Package Manager] Server::EnsureServerProcessIsRunning -- launch failed, reason: Unity was launched with the -noUpm command-line argument
[Package Manager] UpmClient::Send -- Unable to send message (not connected to UPM process).
[Package Manager] Cannot connect to Unity Package Manager local server
Mono: successfully reloaded assembly
[Package Manager] Server::EnsureServerProcessIsRunning -- launch failed, reason: Unity was launched with the -noUpm command-line argument
[Package Manager] UpmClient::Send -- Unable to send message (not connected to UPM process).
[Package Manager] Cannot connect to Unity Package Manager local server
- Finished resetting the current domain, in  6.575 seconds
Domain Reload Profiling: 8342ms
	BeginReloadAssembly (137ms)
		ExecutionOrderSort (0ms)
		DisableScriptedObjects (12ms)
		BackupInstance (0ms)
		ReleaseScriptingObjects (0ms)
		CreateAndSetChildDomain (25ms)
	RebuildCommonClasses (90ms)
	RebuildNativeTypeToScriptingClass (9ms)
	initialDomainReloadingComplete (21ms)
	LoadAllAssembliesAndSetupDomain (1510ms)
		LoadAssemblies (1558ms)
		RebuildTransferFunctionScriptingTraits (0ms)
		AnalyzeDomain (24ms)
			TypeCache.Refresh (10ms)
				TypeCache.ScanAssembly (2ms)
			ScanForSourceGeneratedMonoScriptInfo (9ms)
			ResolveRequiredComponents (4ms)
	FinalizeReload (6575ms)
		ReleaseScriptCaches (0ms)
		RebuildScriptCaches (0ms)
		SetupLoadedEditorAssemblies (372ms)
			LogAssemblyErrors (0ms)
			InitializePlatformSupportModulesInManaged (20ms)
			SetLoadedEditorAssemblies (5ms)
			RefreshPlugins (0ms)
			BeforeProcessingInitializeOnLoad (61ms)
			ProcessInitializeOnLoadAttributes (254ms)
			ProcessInitializeOnLoadMethodAttributes (26ms)
			AfterProcessingInitializeOnLoad (6ms)
			EditorAssembliesLoaded (0ms)
		ExecutionOrderSort2 (0ms)
		AwakeInstancesAfterBackupRestoration (10ms)
Refreshing native plugins compatible for Editor in 2.43 ms, found 3 plugins.
Preloading 0 native plugins for Editor in 0.00 ms.
Unloading 2968 Unused Serialized files (Serialized files now loaded: 0)
Unloading 45 unused Assets / (120.8 KB). Loaded Objects now: 3455.
Memory consumption went from 117.7 MB to 117.6 MB.
Total: 3.773600 ms (FindLiveObjects: 0.281400 ms CreateObjectMapping: 0.103100 ms MarkObjects: 3.273100 ms  DeleteObjects: 0.114900 ms)

Prepare: number of updated asset objects reloaded= 0
AssetImportParameters requested are different than current active one (requested -> active):
  custom:video-decoder-webm-vp8: 9c59270c3fd7afecdb556c50c9e8de78 -> 
  custom:SearchIndexIgnoredProperties: e643bd26f0fe6173181afceb89e7c659 -> 
  custom:container-demuxer-ogg: 62fdf1f143b41e24485cea50d1cbac27 -> 
  custom:AudioImporter_EditorPlatform: d09bf68614088b80899f8185d706f6e7 -> 
  custom:video-decoder-ogg-theora: a1e56fd34408186e4bbccfd4996cb3dc -> 
  custom:framework-win-MediaFoundation: 216162199b28c13a410421893ffa2e32 -> 
  custom:video-encoder-webm-vp8: eb34c28f22e8b96e1ab97ce403110664 -> 
  custom:audio-decoder-ogg-vorbis: bf7c407c2cedff20999df2af8eb42d56 -> 
  custom:CustomObjectIndexerAttribute: 756ad292c208cfabdd7b50bc23989ffe -> 
  custom:container-demuxer-webm: 4f35f7cbe854078d1ac9338744f61a02 -> 
  custom:audio-encoder-webm-vorbis: bf7c407c2cedff20999df2af8eb42d56 -> 
  custom:container-muxer-webm: aa71ff27fc2769a1b78a27578f13a17b -> 
